<?xml version="1.0" encoding="utf-8"?><testsuites><testsuite name="pytest" errors="0" failures="0" skipped="0" tests="2" time="5.039" timestamp="2022-12-26T11:34:24.752669" hostname="Nevils-MacBook-Pro.local"><testcase classname="main.TestNumOperations" name="test_add_nums" time="3.007" /><testcase classname="main.TestNumOperations" name="test_sub_nums" time="2.007" /></testsuite></testsuites>